C51 COMPILER V9.01   IAP_INIT                                                              01/28/2021 14:50:31 PAGE 1   


C51 COMPILER V9.01, COMPILATION OF MODULE IAP_INIT
OBJECT MODULE PLACED IN .\Objects\IAP_Init.obj
COMPILER INVOKED BY: D:\Program Files\keil 4\C51\BIN\C51.EXE c\IAP_Init.c BROWSE DEBUG OBJECTEXTEND PRINT(.\Listings\IAP
                    -_Init.lst) OBJECT(.\Objects\IAP_Init.obj)

line level    source

   1          #include "H/Function_Init.H"
   2          
   3          //#define IapROM  0x00    //0x00：选择ROM区操作  0x02：选择EEPROM区操作
   4          //#define IapEPPROM  0x02         //0x00：选择ROM区操作  0x02：选择EEPROM区操作
   5          unsigned char code *IapAddr = 0x00;
   6          
   7          void IAPWrite(uint Addr,uchar Value,uchar IAPArea);
   8          void IAPPageErase(uint Addr,uchar IAPArea);
   9          uchar IAPRead(uint Addr,uchar IAPArea);
  10          uchar IapReadData = 0x00;   //存放读取的IAP数据
  11          
  12          /*****************************************************
  13          *函数名称：void IAP_Test(uchar Address,uchar IAPArea)
  14          *函数功能：IAP测试
  15          *入口参数：Address,IAPArea
  16          *出口参数：void
  17          *****************************************************/
  18          void IAP_Test(uint Address,uchar IAPArea)
  19          {
  20   1          IAPPageErase(Address,IAPArea);   //页擦除
  21   1              IAPWrite(Address,0xff,IAPArea);  //写数据
  22   1              IapReadData = IAPRead(Address,IAPArea);
  23   1              while(1)
  24   1              {
  25   2                      if(IapReadData == 0xff)
  26   2                      {
  27   3                              P02 = ~P02;
  28   3                      }
  29   2                      else
  30   2                      {
  31   3                              P03 = ~P03;
  32   3                      }
  33   2              }
  34   1      }
  35          
  36          /*****************************************************
  37          *函数名称：void IAPWrite(uchar Addr,uchar Value,uchar IAPArea)
  38          *函数功能：IAP写初始化
  39          *入口参数：Addr,Value,IAPArea
  40          *出口参数：void
  41          *****************************************************/
  42          //IAP写操作
  43          void IAPWrite(uint Addr,uchar Value,uchar IAPArea)
  44          {       
  45   1          bit temp = EA;
  46   1              EA = 0;
  47   1          IAPADE = IAPArea;   //IAPArea=0x00：选择ROM区操作  IAPArea=0x02：选择EEPROM区操作
  48   1              IAPDAT = Value;     //写入数据Data
  49   1              IAPADH = (unsigned char)((Addr >> 8));   //写入地址的高8位
  50   1              IAPADL = (unsigned char)Addr;            //写入地址的低8位
  51   1              IAPKEY = 0xF0;          //IAP开启保护控制时间
  52   1          IAPCTL = 0X10;      //执行“写入或快擦除操作命令”后，进入flash编程操作
  53   1              IAPCTL |= 0x02;     //执行“写入或快擦除操作命令”
  54   1              _nop_();
C51 COMPILER V9.01   IAP_INIT                                                              01/28/2021 14:50:31 PAGE 2   

  55   1              _nop_();
  56   1              _nop_();
  57   1              _nop_();
  58   1              _nop_();
  59   1              _nop_();
  60   1              _nop_();
  61   1              _nop_();
  62   1              IAPADE = 0x00;      //MOVC指向ROM
  63   1              EA = temp;
  64   1      }
  65          
  66          /*****************************************************
  67          *函数名称：void IAPPageErase(uint Addr,uchar IAPArea)
  68          *函数功能：IAP页擦除
  69          *入口参数：Addr,IAPArea
  70          *出口参数：void
  71          *****************************************************/
  72          void IAPPageErase(uint Addr,uchar IAPArea)
  73          {
  74   1              bit temp = EA;
  75   1              EA = 0;
  76   1              IAPADE = IAPArea;
  77   1              
  78   1              IAPADH = (unsigned char)((Addr >> 8)); //写入待擦除首地址高位
  79   1          IAPADL = (unsigned char)Addr;          //写入待擦除首地址低位
  80   1              
  81   1              IAPKEY = 0XF0;
  82   1              IAPCTL = 0X20;
  83   1              IAPCTL |= 0X02;
  84   1              _nop_();
  85   1              _nop_();
  86   1              _nop_();
  87   1              _nop_();
  88   1          _nop_();
  89   1              _nop_();
  90   1              _nop_();
  91   1              _nop_();
  92   1              IAPADE = 0x00;
  93   1              EA = temp;              
  94   1      }
  95          
  96          /*****************************************************
  97          *函数名称：uchar IAPRead(uchar Addr,uchar IAPArea)
  98          *函数功能：IAP读初始化
  99          *入口参数：Addr,IAPArea
 100          *出口参数：ReadValue
 101          *****************************************************/
 102          uchar IAPRead(uint Addr,uchar IAPArea)
 103          {
 104   1              uchar ReadValue = 0x00;
 105   1          bit temp = EA;
 106   1              EA = 0;
 107   1              IAPADE = IAPArea;
 108   1              ReadValue = *(IapAddr+Addr); //读取的数据
 109   1              IAPADE = 0x00;               //MOVC指向ROM
 110   1              EA = temp;
 111   1              return ReadValue;
 112   1      }


MODULE INFORMATION:   STATIC OVERLAYABLE
   CODE SIZE        =    162    ----
C51 COMPILER V9.01   IAP_INIT                                                              01/28/2021 14:50:31 PAGE 3   

   CONSTANT SIZE    =   ----    ----
   XDATA SIZE       =   ----    ----
   PDATA SIZE       =   ----    ----
   DATA SIZE        =      3       5
   IDATA SIZE       =   ----    ----
   BIT SIZE         =   ----       3
END OF MODULE INFORMATION.


C51 COMPILATION COMPLETE.  0 WARNING(S),  0 ERROR(S)
