C51 COMPILER V9.01   IO_INIT                                                               02/22/2021 14:14:38 PAGE 1   


C51 COMPILER V9.01, COMPILATION OF MODULE IO_INIT
OBJECT MODULE PLACED IN .\Objects\IO_Init.obj
COMPILER INVOKED BY: D:\Program Files\keil 4\C51\BIN\C51.EXE c\IO_Init.c LARGE OPTIMIZE(7,SPEED) BROWSE DEBUG OBJECTEXTE
                    -ND PRINT(.\Listings\IO_Init.lst) OBJECT(.\Objects\IO_Init.obj)

line level    source

   1          #include "H/Function_Init.H"
   2          /*****************************************************
   3          *函数名称：void IO_Init(void)
   4          *函数功能：IO初始化
   5          *入口参数：void
   6          *出口参数：void
   7          *****************************************************/
   8          void IO_Init(void)
   9          {
  10   1              P0CON = 0xFF;  //设置P0为强推挽模式
  11   1              P0PH  = 0x00;
  12   1      //      P0=0XFF;
  13   1              P1CON = 0x00;  //设置P1为高阻输入模式
  14   1              P1PH  = 0x00;
  15   1              P2CON = 0x00;  //设置P2为高阻带上拉模式
  16   1              P2PH  = 0xFF;
  17   1              P3CON = 0xFF;  //设置P3为强推挽模式
  18   1              P3PH  = 0x00;
  19   1              P4CON = 0xFF;  //设置P4为强推挽模式
  20   1              P4PH  = 0x01;
  21   1              P5CON = 0xFF;  //设置P5为强推挽模式
  22   1              P5PH  = 0x00;
  23   1      
  24   1      }
  25          
  26          void Delay(uint time)
  27          {
  28   1          for(;time>0;time--);
  29   1      }


MODULE INFORMATION:   STATIC OVERLAYABLE
   CODE SIZE        =     49    ----
   CONSTANT SIZE    =   ----    ----
   XDATA SIZE       =   ----    ----
   PDATA SIZE       =   ----    ----
   DATA SIZE        =   ----    ----
   IDATA SIZE       =   ----    ----
   BIT SIZE         =   ----    ----
END OF MODULE INFORMATION.


C51 COMPILATION COMPLETE.  0 WARNING(S),  0 ERROR(S)
