C51 COMPILER V9.01   MAIN                                                                  02/22/2021 14:14:38 PAGE 1   


C51 COMPILER V9.01, COMPILATION OF MODULE MAIN
OBJECT MODULE PLACED IN .\Objects\main.obj
COMPILER INVOKED BY: D:\Program Files\keil 4\C51\BIN\C51.EXE c\main.c LARGE OPTIMIZE(7,SPEED) BROWSE DEBUG OBJECTEXTEND 
                    -PRINT(.\Listings\main.lst) OBJECT(.\Objects\main.obj)

line level    source

   1          #include "H/Function_Init.H"
   2          bit xt=0;       //首心跳标志号
   3          
   4          void main(void)
   5          {
   6   1              IO_Init();
   7   1              TWI2_Init();                    //初始化I2C1与I2C2
   8   1              Timer_Test();
   9   1              OLED_Init();                    //OLED屏初始化
  10   1              WDTCON |= 0x10;             //清看门狗
  11   1         Uart_Init(32,9600);          //初始化串口并设定 时钟频率 与 波特率
  12   1         while(1)
  13   1         {    
  14   2                      uchar dfxh; //定义答复序号
  15   2                      if(Delay_jg>3000)        //循环间隔
  16   2                      {
  17   3                              Delay_jg=0;
  18   3                              Delay_S=0;                      //定时器清0
  19   3                              SSI2_Test();            //发送SHT30测温湿的指令
  20   3                              Delay_jg=0;                     //循环间隔量数清0
  21   3                              test_bit=0;                     //测量完成标志位重新开始由定时器产生
  22   3                              WDTCON |= 0x10;             //清看门狗
  23   3                              while(!test_bit);       //
  24   3                              SSI2_R();                       //读SHT30测量到的数据
  25   3                              WDTCON |= 0x10;             //清看门狗
  26   3                              Uart_Temp();            //发送读到的温湿度
  27   3                              OLED_ShowString(0,0,"Temperature:");//温度标志          
  28   3                  OLED_ShowString1(70,2);//显示温度
  29   3                              OLED_ShowString(0,4,"Humidity:");//温度标志
  30   3                              OLED_ShowString2(70,6);//显示温度       
  31   3                      } //*/
  32   2                      dfxh = jszl_qf();       //读取状态字
  33   2                      sd_ztxh=0;                      //读完清变量********防止重复执行
  34   2                      switch(dfxh)       
  35   2                      {
  36   3                       case 1:if(!xt){Uart_sxt();xt=1;} else{Uart_hxt();};//收到首次或非首次心跳，MCU相应回复
  37   3                       break;
  38   3                       case 2:Uart_xtxx();                                                            //MCU上报ID MCU版本 配网方式,系统信息
  39   3                       break; 
  40   3                       case 3:Uart_xtmk();                                                    //回复MCU上报与模块配合处理
  41   3                       break;
  42   3                       case 4:Uart_wififf();P00=0;P01=0;                                      //收到wifi为Smortconfig状态回复  两个灯都亮
  43   3                       break;
  44   3                       case 5:Uart_wififf();P00=1;P01=0;                                      //收到wifi为AP状态回复  白灯熄灭
  45   3                       break;
  46   3                       case 6:Uart_wififf();P00=0;P01=1;                                      //收到wifi配网成功但未边上路由  红灯熄灭
  47   3                       break;
  48   3                       case 7:Uart_wififf();P00=1;P01=1;                                      //收到wifi已连上路由器   两个灯都是灭的
  49   3                       break;
  50   3                       case 8:Uart_wififf();P00=1;P01=1;;                                     //收到wifi已连上路由器且连接到云端  两个灯都是灭的
  51   3                       break;
  52   3                       default:
  53   3                       break;                 
  54   3                      }
C51 COMPILER V9.01   MAIN                                                                  02/22/2021 14:14:38 PAGE 2   

  55   2                      WDTCON |= 0x10;             //清看门狗
  56   2      
  57   2              }
  58   1      }
  59          
  60          


MODULE INFORMATION:   STATIC OVERLAYABLE
   CODE SIZE        =    256    ----
   CONSTANT SIZE    =     23    ----
   XDATA SIZE       =   ----       1
   PDATA SIZE       =   ----    ----
   DATA SIZE        =   ----    ----
   IDATA SIZE       =   ----    ----
   BIT SIZE         =      1    ----
END OF MODULE INFORMATION.


C51 COMPILATION COMPLETE.  0 WARNING(S),  0 ERROR(S)
