C51 COMPILER V9.01   TIMER_INIT                                                            02/22/2021 14:14:38 PAGE 1   


C51 COMPILER V9.01, COMPILATION OF MODULE TIMER_INIT
OBJECT MODULE PLACED IN .\Objects\Timer_Init.obj
COMPILER INVOKED BY: D:\Program Files\keil 4\C51\BIN\C51.EXE c\Timer_Init.c LARGE OPTIMIZE(7,SPEED) BROWSE DEBUG OBJECTE
                    -XTEND PRINT(.\Listings\Timer_Init.lst) OBJECT(.\Objects\Timer_Init.obj)

line level    source

   1          #include "H/Function_Init.H"
   2          
   3          void Timer_Init(void);
   4          uint Delay_S;   //定义传感器的读取时间,防止没读完就取数
   5          uint Delay_jg;  //定义读取的间隔
   6          /*****************************************************
   7          *函数名称：void Timer_Test(void);
   8          *函数功能：T0/T1/T2测试
   9          *入口参数：void
  10          *出口参数：void
  11          *****************************************************/
  12          void Timer_Test(void)
  13          {
  14   1              Timer_Init();
  15   1      
  16   1      
  17   1      }
  18          /*****************************************************
  19          *函数名称：void Timer_Init(void)
  20          *函数功能：T0/T1/T2初始化
  21          *入口参数：void
  22          *出口参数：void
  23          *****************************************************/
  24          void Timer_Init(void)
  25          { 
  26   1              TMCON |= 0X01;    //Timer0选择时钟Fsys
  27   1              
  28   1              //T0设置
  29   1              TMOD |= 0x01;                 //0000 0001;Timer0设置工作方式1
  30   1              TL0 = (65536 - 16000)%256;    //溢出时间：时钟为Fsys(16M)，则16000*（1/Fsys）=1ms;
  31   1              TH0 = (65536 - 16000)/256;
  32   1              TR0 = 0;
  33   1              ET0 = 1;//定时器0允许
  34   1              TR0 = 1;//打开定时器0    
  35   1              EA = 1; 
  36   1      }
  37          
  38          /**************************************************
  39          *函数名称：void timer0/1/2/3/4() interrupt 1/3/5/13/14
  40          *函数功能：定时器中断产生方波
  41          *入口参数：void
  42          *出口参数：void
  43          **************************************************/
  44          void timer0() interrupt 1
  45          {
  46   1          TL0 = (65536 - 16000)%256;
  47   1              TH0 = (65536 - 16000)/256;
  48   1              Delay_jg++;
  49   1              if(Delay_S<100)  //等待多少时间读取温湿度
  50   1              {
  51   2                      Delay_S++;      
  52   2              }
  53   1              else
  54   1              {
C51 COMPILER V9.01   TIMER_INIT                                                            02/22/2021 14:14:38 PAGE 2   

  55   2              Delay_S=0;
  56   2              test_bit=1;
  57   2              }
  58   1      
  59   1              
  60   1      }


MODULE INFORMATION:   STATIC OVERLAYABLE
   CODE SIZE        =    100    ----
   CONSTANT SIZE    =   ----    ----
   XDATA SIZE       =      4    ----
   PDATA SIZE       =   ----    ----
   DATA SIZE        =   ----    ----
   IDATA SIZE       =   ----    ----
   BIT SIZE         =   ----    ----
END OF MODULE INFORMATION.


C51 COMPILATION COMPLETE.  0 WARNING(S),  0 ERROR(S)
