C51 COMPILER V9.01   UART_INIT                                                             02/22/2021 14:14:38 PAGE 1   


C51 COMPILER V9.01, COMPILATION OF MODULE UART_INIT
OBJECT MODULE PLACED IN .\Objects\Uart_Init.obj
COMPILER INVOKED BY: D:\Program Files\keil 4\C51\BIN\C51.EXE c\Uart_Init.c LARGE OPTIMIZE(7,SPEED) BROWSE DEBUG OBJECTEX
                    -TEND PRINT(.\Listings\Uart_Init.lst) OBJECT(.\Objects\Uart_Init.obj)

line level    source

   1          #include "H/Function_Init.H" 
   2          
   3          void Uart_Init(uint Freq,unsigned long int baud);
   4          bit UartSendFlag = 0;           //发送中断标志位
   5          bit UartReceiveFlag = 0;        //接收中断标志位
   6          uchar Uart_data;
   7          
   8          uchar tuya_DataTab[15];   //接收到的数据存放表格,最多15个
   9          /*****************************************************
  10          *函数名称：void Uart_Init(uint Freq,unsigned long int baud)
  11          *函数功能：Uart中断初始化
  12          *入口参数：Freq-主频，baud-波特率
  13          *出口参数：void
  14          *****************************************************/
  15          void Uart_Init(uint Freq,unsigned long int baud)    //选择Timer1作为波特率信号发生器
  16          {
  17   1              P2CON &= 0xFC;   //TX/RX设置为输入带上拉
  18   1              P2PH  |= 0x03;
  19   1              
  20   1              SCON  |= 0X50;   //设置通信方式为模式一，允许接收
  21   1              TMCON |= 0X02;
  22   1              TH1 = (Freq*1000000/baud)>>8;     //波特率为T1的溢出时间；
  23   1              TL1 = Freq*1000000/baud;
  24   1              TR1 = 0;
  25   1              ET1 = 0;
  26   1              EUART = 1;     //开启Uart中断
  27   1              EA = 1;
  28   1      }
  29          
  30          void Uart_Temp(void)//发送读到的温湿度
  31          {
  32   1              Uart_temp_up();         //上传温度到云
  33   1              Uart_humid_up();        //上传湿度到云
  34   1      }
  35          
  36          /*****************************************************
  37          *函数名称：void UartInt(void) interrupt 4
  38          *函数功能：Uart中断函数
  39          *入口参数：void
  40          *出口参数：void
  41          *****************************************************/
  42          void UartInt(void) interrupt 4
  43          {
  44   1              if(TI)
  45   1              {
  46   2                      TI = 0; 
  47   2                      UartSendFlag = 1;               
  48   2              }
  49   1              if(RI)
  50   1              {
  51   2                      RI = 0; 
  52   2                      UartReceiveFlag = 1;//接收标志位置1
  53   2                      Uart_data=SBUF;         //取收到的数
  54   2                      tuya_sjcl();            //涂鸦数据处理
C51 COMPILER V9.01   UART_INIT                                                             02/22/2021 14:14:38 PAGE 2   

  55   2              }       
  56   1      }


MODULE INFORMATION:   STATIC OVERLAYABLE
   CODE SIZE        =    200    ----
   CONSTANT SIZE    =   ----    ----
   XDATA SIZE       =     16       6
   PDATA SIZE       =   ----    ----
   DATA SIZE        =   ----    ----
   IDATA SIZE       =   ----    ----
   BIT SIZE         =      2    ----
END OF MODULE INFORMATION.


C51 COMPILATION COMPLETE.  0 WARNING(S),  0 ERROR(S)
